GNU gdb (Ubuntu 9.2-0ubuntu1~20.04.1) 9.2
Copyright (C) 2020 Free Software Foundation, Inc.
License GPLv3+: GNU GPL version 3 or later <http://gnu.org/licenses/gpl.html>
This is free software: you are free to change and redistribute it.
There is NO WARRANTY, to the extent permitted by law.
Type "show copying" and "show warranty" for details.
This GDB was configured as "x86_64-linux-gnu".
Type "show configuration" for configuration details.
For bug reporting instructions, please see:
<http://www.gnu.org/software/gdb/bugs/>.
Find the GDB manual and other documentation resources online at:
    <http://www.gnu.org/software/gdb/documentation/>.

For help, type "help".
Type "apropos word" to search for commands related to "word"...
Reading symbols from ./CADET_00001...

Welcome to Palindrome Finder

	Please enter a possible palindrome: 
Program received signal SIGSEGV, Segmentation fault.
0x0000000000400f13 in check () at /cb-multios/challenges/CADET_00001/src/service.c:65
65	        if(string[i] != string[len-1-i]){
#0  0x0000000000400f13 in check () at /cb-multios/challenges/CADET_00001/src/service.c:65
#1  0x4c4c4c4c4c4c4c4c in ?? ()
#2  0x4c4c4c4c4c4c4c4c in ?? ()
#3  0x00000000006d7f0a in _GLOBAL_OFFSET_TABLE_ ()
#4  0x00000000004042f0 in ?? ()
#5  0x0000000000403b89 in __libc_start_main ()
#6  0x0000000000400a3a in _start ()
A debugging session is active.

	Inferior 1 [process 800] will be killed.

Quit anyway? (y or n) [answered Y; input not from terminal]
